20090903 00:01:09 Download w:\mysite\content\Portfolio\web\lib\WS_FTP.LOG from /public_html/content/Portfolio/web/lib/WS_FTP.LOG
20090903 00:01:17 Download w:\mysite\content\Portfolio\web\lib\acro.gif from /public_html/content/Portfolio/web/lib/acro.gif
20090903 00:01:29 Download w:\mysite\content\Portfolio\web\lib\at.gif from /public_html/content/Portfolio/web/lib/at.gif
20090903 00:01:40 Download w:\mysite\content\Portfolio\web\lib\bg.jpg from /public_html/content/Portfolio/web/lib/bg.jpg
20090903 00:01:46 Download w:\mysite\content\Portfolio\web\lib\bg2.jpg from /public_html/content/Portfolio/web/lib/bg2.jpg
20090903 00:01:53 Download w:\mysite\content\Portfolio\web\lib\bg4.jpg from /public_html/content/Portfolio/web/lib/bg4.jpg
20090903 00:02:01 Download w:\mysite\content\Portfolio\web\lib\computer.gif from /public_html/content/Portfolio/web/lib/computer.gif
20090903 00:02:08 Download w:\mysite\content\Portfolio\web\lib\discover.gif from /public_html/content/Portfolio/web/lib/discover.gif
20090903 00:02:14 Download w:\mysite\content\Portfolio\web\lib\education.gif from /public_html/content/Portfolio/web/lib/education.gif
20090903 00:02:21 Download w:\mysite\content\Portfolio\web\lib\employ.gif from /public_html/content/Portfolio/web/lib/employ.gif
20090903 00:02:27 Download w:\mysite\content\Portfolio\web\lib\line.gif from /public_html/content/Portfolio/web/lib/line.gif
20090903 00:02:33 Download w:\mysite\content\Portfolio\web\lib\me2.jpg from /public_html/content/Portfolio/web/lib/me2.jpg
20090903 00:02:40 Download w:\mysite\content\Portfolio\web\lib\military.gif from /public_html/content/Portfolio/web/lib/military.gif
20090903 00:02:47 Download w:\mysite\content\Portfolio\web\lib\myname.gif from /public_html/content/Portfolio/web/lib/myname.gif
20090903 00:02:54 Download w:\mysite\content\Portfolio\web\lib\resume.gif from /public_html/content/Portfolio/web/lib/resume.gif
20090903 00:03:00 Download w:\mysite\content\Portfolio\web\lib\space.gif from /public_html/content/Portfolio/web/lib/space.gif
20090903 00:03:09 Download w:\mysite\content\Portfolio\web\lib\tb.gif from /public_html/content/Portfolio/web/lib/tb.gif
20090903 00:03:15 Download w:\mysite\content\Portfolio\web\lib\title-l.gif from /public_html/content/Portfolio/web/lib/title-l.gif
20090903 00:03:22 Download w:\mysite\content\Portfolio\web\lib\title-r.gif from /public_html/content/Portfolio/web/lib/title-r.gif
20090903 00:03:29 Download w:\mysite\content\Portfolio\web\lib\title.gif from /public_html/content/Portfolio/web/lib/title.gif
